#
# There is insufficient memory for the Java Runtime Environment to continue.
# Native memory allocation (mmap) failed to map 536870912 bytes for G1 virtual space
# Possible reasons:
#   The system is out of physical RAM or swap space
#   The process is running with CompressedOops enabled, and the Java Heap may be blocking the growth of the native heap
# Possible solutions:
#   Reduce memory load on the system
#   Increase physical memory or swap space
#   Check if swap backing store is full
#   Decrease Java heap size (-Xmx/-Xms)
#   Decrease number of Java threads
#   Decrease Java thread stack sizes (-Xss)
#   Set larger code cache with -XX:ReservedCodeCacheSize=
#   JVM is running with Zero Based Compressed Oops mode in which the Java heap is
#     placed in the first 32GB address space. The Java Heap base address is the
#     maximum limit for the native heap growth. Please use -XX:HeapBaseMinAddress
#     to set the Java Heap base and to place the Java Heap above 32GB virtual address.
# This output file may be truncated or incomplete.
#
#  Out of Memory Error (os_windows.cpp:3771), pid=1392, tid=4328
#
# JRE version:  (17.0.7+7) (build )
# Java VM: OpenJDK 64-Bit Server VM (17.0.7+7-b1000.6, mixed mode, emulated-client, sharing, tiered, compressed oops, compressed class ptrs, g1 gc, windows-amd64)
# No core dump will be written. Minidumps are not enabled by default on client versions of Windows
#

---------------  S U M M A R Y ------------

Command Line: -XX:TieredStopAtLevel=1 -Dspring.output.ansi.enabled=always -Dcom.sun.management.jmxremote -Dspring.jmx.enabled=true -Dspring.liveBeansView.mbeanDomain -Dspring.application.admin.enabled=true -Dmanagement.endpoints.jmx.exposure.include=* -javaagent:F:\IntelliJ IDEA 2022.3.3\lib\idea_rt.jar=8237:F:\IntelliJ IDEA 2022.3.3\bin -Dfile.encoding=UTF-8 com.chaoxi.myserver.MyServerApplication

Host: Intel(R) Core(TM) i5-9600KF CPU @ 3.70GHz, 6 cores, 31G,  Windows 10 , 64 bit Build 19041 (10.0.19041.1503)
Time: Tue Aug 29 17:31:45 2023  Windows 10 , 64 bit Build 19041 (10.0.19041.1503) elapsed time: 0.005629 seconds (0d 0h 0m 0s)

---------------  T H R E A D  ---------------

Current thread (0x0000026dcec46610):  JavaThread "Unknown thread" [_thread_in_vm, id=4328, stack(0x000000fff4300000,0x000000fff4400000)]

Stack: [0x000000fff4300000,0x000000fff4400000]
Native frames: (J=compiled Java code, j=interpreted, Vv=VM code, C=native code)
V  [jvm.dll+0x683bfa]
V  [jvm.dll+0x8430a4]
V  [jvm.dll+0x8449be]
V  [jvm.dll+0x845023]
V  [jvm.dll+0x24ad2f]
V  [jvm.dll+0x680ac9]
V  [jvm.dll+0x67519a]
V  [jvm.dll+0x30b3cb]
V  [jvm.dll+0x312876]
V  [jvm.dll+0x36221e]
V  [jvm.dll+0x36244f]
V  [jvm.dll+0x2e14a8]
V  [jvm.dll+0x2e2414]
V  [jvm.dll+0x814391]
V  [jvm.dll+0x36ffe1]
V  [jvm.dll+0x7f396c]
V  [jvm.dll+0x3f305f]
V  [jvm.dll+0x3f4b91]
C  [jli.dll+0x528f]
C  [ucrtbase.dll+0x21bb2]
C  [KERNEL32.DLL+0x17034]
C  [ntdll.dll+0x52651]


---------------  P R O C E S S  ---------------

Threads class SMR info:
_java_thread_list=0x00007fffaeffd098, length=0, elements={
}

Java Threads: ( => current thread )

Other Threads:
  0x0000026dcecf1740 GCTaskThread "GC Thread#0" [stack: 0x000000fff4400000,0x000000fff4500000] [id=15492]
  0x0000026dced02600 ConcurrentGCThread "G1 Main Marker" [stack: 0x000000fff4500000,0x000000fff4600000] [id=4212]
  0x0000026dced04020 ConcurrentGCThread "G1 Conc#0" [stack: 0x000000fff4600000,0x000000fff4700000] [id=9852]

[error occurred during error reporting (printing all threads), id 0xc0000005, EXCEPTION_ACCESS_VIOLATION (0xc0000005) at pc=0x00007fffae7b2087]

VM state: not at safepoint (not fully initialized)

VM Mutex/Monitor currently owned by a thread:  ([mutex/lock_event])
[0x0000026dcec40950] Heap_lock - owner thread: 0x0000026dcec46610

Heap address: 0x0000000601000000, size: 8176 MB, Compressed Oops mode: Zero based, Oop shift amount: 3

CDS archive(s) mapped at: [0x0000000000000000-0x0000000000000000-0x0000000000000000), size 0, SharedBaseAddress: 0x0000000800000000, ArchiveRelocationMode: 0.
Narrow klass base: 0x0000000000000000, Narrow klass shift: 0, Narrow klass range: 0x0

GC Precious Log:
<Empty>

Heap:
 garbage-first heap   total 0K, used 0K [0x0000000601000000, 0x0000000800000000)
  region size 4096K, 0 young (0K), 0 survivors (0K)
 Metaspace       used 0K, committed 0K, reserved 0K
  class space    used 0K, committed 0K, reserved 0K

Heap Regions: E=young(eden), S=young(survivor), O=old, HS=humongous(starts), HC=humongous(continues), CS=collection set, F=free, OA=open archive, CA=closed archive, TAMS=top-at-mark-start (previous, next)

Card table byte_map: [0x0000026dd63c0000,0x0000026dd73c0000] _byte_map_base: 0x0000026dd33b8000

Marking Bits (Prev, Next): (CMBitMap*) 0x0000026dcecf1d50, (CMBitMap*) 0x0000026dcecf1d90
 Prev Bits: [0x0000026dd83c0000, 0x0000026de0380000)
 Next Bits: [0x0000026de0380000, 0x0000026de8340000)

GC Heap History (0 events):
No events

Dll operation events (1 events):
Event: 0.003 Loaded shared library F:\IntelliJ IDEA 2022.3.3\jbr\bin\java.dll

Deoptimization events (0 events):
No events

Classes unloaded (0 events):
No events

Classes redefined (0 events):
No events

Internal exceptions (0 events):
No events

VM Operations (0 events):
No events

Events (0 events):
No events


Dynamic libraries:
0x00007ff6caed0000 - 0x00007ff6caeda000 	F:\IntelliJ IDEA 2022.3.3\jbr\bin\java.exe
0x00007ff81b8f0000 - 0x00007ff81bae5000 	C:\Windows\SYSTEM32\ntdll.dll
0x00007ff81a8f0000 - 0x00007ff81a9ae000 	C:\Windows\System32\KERNEL32.DLL
0x00007ff819280000 - 0x00007ff819548000 	C:\Windows\System32\KERNELBASE.dll
0x00007ff819660000 - 0x00007ff819760000 	C:\Windows\System32\ucrtbase.dll
0x00007ff8022e0000 - 0x00007ff8022f7000 	F:\IntelliJ IDEA 2022.3.3\jbr\bin\jli.dll
0x00007ffff7a00000 - 0x00007ffff7a1b000 	F:\IntelliJ IDEA 2022.3.3\jbr\bin\VCRUNTIME140.dll
0x00007ff81ae90000 - 0x00007ff81b030000 	C:\Windows\System32\USER32.dll
0x00007ff819080000 - 0x00007ff8190a2000 	C:\Windows\System32\win32u.dll
0x00007ff80cd50000 - 0x00007ff80cfea000 	C:\Windows\WinSxS\amd64_microsoft.windows.common-controls_6595b64144ccf1df_6.0.19041.1110_none_60b5254171f9507e\COMCTL32.dll
0x00007ff81b4b0000 - 0x00007ff81b4db000 	C:\Windows\System32\GDI32.dll
0x00007ff81adf0000 - 0x00007ff81ae8e000 	C:\Windows\System32\msvcrt.dll
0x00007ff819550000 - 0x00007ff81965d000 	C:\Windows\System32\gdi32full.dll
0x00007ff819760000 - 0x00007ff8197fd000 	C:\Windows\System32\msvcp_win.dll
0x00007ff81a530000 - 0x00007ff81a560000 	C:\Windows\System32\IMM32.DLL
0x00007ffffab30000 - 0x00007ffffab3c000 	F:\IntelliJ IDEA 2022.3.3\jbr\bin\vcruntime140_1.dll
0x00007fffc3050000 - 0x00007fffc30dd000 	F:\IntelliJ IDEA 2022.3.3\jbr\bin\msvcp140.dll
0x00007fffae4c0000 - 0x00007fffaf140000 	F:\IntelliJ IDEA 2022.3.3\jbr\bin\server\jvm.dll
0x00007ff81a730000 - 0x00007ff81a7de000 	C:\Windows\System32\ADVAPI32.dll
0x00007ff81ace0000 - 0x00007ff81ad7c000 	C:\Windows\System32\sechost.dll
0x00007ff819ca0000 - 0x00007ff819dc5000 	C:\Windows\System32\RPCRT4.dll
0x00007ffff8180000 - 0x00007ffff8189000 	C:\Windows\SYSTEM32\WSOCK32.dll
0x00007ff8130d0000 - 0x00007ff8130da000 	C:\Windows\SYSTEM32\VERSION.dll
0x00007ff80a150000 - 0x00007ff80a177000 	C:\Windows\SYSTEM32\WINMM.dll
0x00007ff81ad80000 - 0x00007ff81adeb000 	C:\Windows\System32\WS2_32.dll
0x00007ff816f10000 - 0x00007ff816f22000 	C:\Windows\SYSTEM32\kernel.appcore.dll
0x00007ff814320000 - 0x00007ff81432a000 	F:\IntelliJ IDEA 2022.3.3\jbr\bin\jimage.dll
0x00007ff809e60000 - 0x00007ff80a044000 	C:\Windows\SYSTEM32\DBGHELP.DLL
0x00007ff8040f0000 - 0x00007ff80411c000 	C:\Windows\SYSTEM32\dbgcore.DLL
0x00007ff819800000 - 0x00007ff819882000 	C:\Windows\System32\bcryptPrimitives.dll
0x00007ff814310000 - 0x00007ff81431e000 	F:\IntelliJ IDEA 2022.3.3\jbr\bin\instrument.dll
0x00007ff8022b0000 - 0x00007ff8022d5000 	F:\IntelliJ IDEA 2022.3.3\jbr\bin\java.dll

dbghelp: loaded successfully - version: 4.0.5 - missing functions: none
symbol engine: initialized successfully - sym options: 0x614 - pdb path: .;F:\IntelliJ IDEA 2022.3.3\jbr\bin;C:\Windows\SYSTEM32;C:\Windows\WinSxS\amd64_microsoft.windows.common-controls_6595b64144ccf1df_6.0.19041.1110_none_60b5254171f9507e;F:\IntelliJ IDEA 2022.3.3\jbr\bin\server

VM Arguments:
jvm_args: -XX:TieredStopAtLevel=1 -Dspring.output.ansi.enabled=always -Dcom.sun.management.jmxremote -Dspring.jmx.enabled=true -Dspring.liveBeansView.mbeanDomain -Dspring.application.admin.enabled=true -Dmanagement.endpoints.jmx.exposure.include=* -javaagent:F:\IntelliJ IDEA 2022.3.3\lib\idea_rt.jar=8237:F:\IntelliJ IDEA 2022.3.3\bin -Dfile.encoding=UTF-8 
java_command: com.chaoxi.myserver.MyServerApplication
java_class_path (initial): D:\IDEMyApplication\MyServer\target\classes;D:\maven\repository\org\springframework\boot\spring-boot-starter-web\2.7.14\spring-boot-starter-web-2.7.14.jar;D:\maven\repository\org\springframework\boot\spring-boot-starter\2.7.14\spring-boot-starter-2.7.14.jar;D:\maven\repository\org\springframework\boot\spring-boot-starter-logging\2.7.14\spring-boot-starter-logging-2.7.14.jar;D:\maven\repository\ch\qos\logback\logback-classic\1.2.12\logback-classic-1.2.12.jar;D:\maven\repository\ch\qos\logback\logback-core\1.2.12\logback-core-1.2.12.jar;D:\maven\repository\org\apache\logging\log4j\log4j-to-slf4j\2.17.2\log4j-to-slf4j-2.17.2.jar;D:\maven\repository\org\apache\logging\log4j\log4j-api\2.17.2\log4j-api-2.17.2.jar;D:\maven\repository\org\slf4j\jul-to-slf4j\1.7.36\jul-to-slf4j-1.7.36.jar;D:\maven\repository\jakarta\annotation\jakarta.annotation-api\1.3.5\jakarta.annotation-api-1.3.5.jar;D:\maven\repository\org\yaml\snakeyaml\1.30\snakeyaml-1.30.jar;D:\maven\repository\org\springframework\boot\spring-boot-starter-json\2.7.14\spring-boot-starter-json-2.7.14.jar;D:\maven\repository\com\fasterxml\jackson\core\jackson-databind\2.13.5\jackson-databind-2.13.5.jar;D:\maven\repository\com\fasterxml\jackson\core\jackson-annotations\2.13.5\jackson-annotations-2.13.5.jar;D:\maven\repository\com\fasterxml\jackson\core\jackson-core\2.13.5\jackson-core-2.13.5.jar;D:\maven\repository\com\fasterxml\jackson\datatype\jackson-datatype-jdk8\2.13.5\jackson-datatype-jdk8-2.13.5.jar;D:\maven\repository\com\fasterxml\jackson\datatype\jackson-datatype-jsr310\2.13.5\jackson-datatype-jsr310-2.13.5.jar;D:\maven\repository\com\fasterxml\jackson\module\jackson-module-parameter-names\2.13.5\jackson-module-parameter-names-2.13.5.jar;D:\maven\repository\org\springframework\boot\spring-boot-starter-tomcat\2.7.14\spring-boot-starter-tomcat-2.7.14.jar;D:\maven\repository\org\apache\tomcat\embed\tomcat-embed-core\9.0.78\tomcat-embed-core-9.0.78.jar;D:\maven\repository\org\apache\tom
Launcher Type: SUN_STANDARD

[Global flags]
     intx CICompilerCount                          = 3                                         {product} {ergonomic}
     uint ConcGCThreads                            = 2                                         {product} {ergonomic}
     uint G1ConcRefinementThreads                  = 6                                         {product} {ergonomic}
   size_t G1HeapRegionSize                         = 4194304                                   {product} {ergonomic}
    uintx GCDrainStackTargetSize                   = 64                                        {product} {ergonomic}
   size_t InitialHeapSize                          = 536870912                                 {product} {ergonomic}
     bool ManagementServer                         = true                                      {product} {command line}
   size_t MarkStackSize                            = 4194304                                   {product} {ergonomic}
   size_t MaxHeapSize                              = 8573157376                                {product} {ergonomic}
   size_t MinHeapDeltaBytes                        = 4194304                                   {product} {ergonomic}
   size_t MinHeapSize                              = 8388608                                   {product} {ergonomic}
    uintx NonProfiledCodeHeapSize                  = 0                                      {pd product} {ergonomic}
     bool ProfileInterpreter                       = false                                  {pd product} {command line}
    uintx ProfiledCodeHeapSize                     = 0                                      {pd product} {ergonomic}
   size_t SoftMaxHeapSize                          = 8573157376                             {manageable} {ergonomic}
     intx TieredStopAtLevel                        = 1                                         {product} {command line}
     bool UseCompressedClassPointers               = true                           {product lp64_product} {ergonomic}
     bool UseCompressedOops                        = true                           {product lp64_product} {ergonomic}
     bool UseG1GC                                  = true                                      {product} {ergonomic}
     bool UseLargePagesIndividualAllocation        = false                                  {pd product} {ergonomic}

Logging:
Log output configuration:
 #0: stdout all=warning uptime,level,tags
 #1: stderr all=off uptime,level,tags

Environment Variables:
JAVA_HOME=C:\Program Files\Java\jdk1.8.0_291
PATH=C:\Program Files\Java\jdk1.8.0_291;C:\Program Files\Java\jdk1.8.0_291\bin;C:\Program Files\mingw64\bin;C:\WINDOWS\system32;C:\WINDOWS;C:\WINDOWS\System32\Wbem;C:\WINDOWS\System32\WindowsPowerShell\v1.0\;C:\WINDOWS\System32\OpenSSH\;C:\Program Files\MySQL\MySQL Server 8.0\bin;C:\Program Files\NVIDIA Corporation\NVIDIA NvDLISR;C:\Program Files (x86)\NVIDIA Corporation\PhysX\Common;C:\Program Files\Git\cmd;D:\androidCache\Sdk\platform-tools;C:\Program Files\nodejs\;C:\Users\35130\AppData\Local\Programs\Python\Python38\Scripts\;C:\Users\35130\AppData\Local\Programs\Python\Python38\;C:\WINDOWS\system32;C:\WINDOWS;C:\WINDOWS\System32\Wbem;C:\WINDOWS\System32\WindowsPowerShell\v1.0\;C:\WINDOWS\System32\OpenSSH\;C:\Program Files\Java\jdk1.8.0_291\bin;C:\Program Files\MySQL\MySQL Server 8.0\bin;C:\Users\35130\anaconda3;C:\Users\35130\anaconda3\Library\mingw-w64\bin;C:\Users\35130\anaconda3\Library\usr\bin;C:\Users\35130\anaconda3\Library\bin;C:\Users\35130\anaconda3\Scripts;C:\Users\35130\AppData\Local\Microsoft\WindowsApps;F:\IntelliJ IDEA 2022.3.3\bin;D:\androidCache\Sdk\platform-tools;%ADB_HOME%;C:\Program Files\WindowsApps\9426MICRO-STARINTERNATION.MSICenter_2.0.21.0_x64__kzh8wxbdkxb8p\DCv2;F:\Fiddler;C:\Users\35130\AppData\Local\GitHubDesktop\bin;F:\VS Code\bin;C:\Users\35130\AppData\Roaming\npm
USERNAME=35130
OS=Windows_NT
PROCESSOR_IDENTIFIER=Intel64 Family 6 Model 158 Stepping 13, GenuineIntel
TMP=C:\Users\35130\AppData\Local\Temp
TEMP=C:\Users\35130\AppData\Local\Temp


JNI global refs:
JNI global refs: 0, weak refs: 0

JNI global refs memory usage: 0, weak refs: 0

OOME stack traces (most recent first):
Classloader memory used:


---------------  S Y S T E M  ---------------

OS:
 Windows 10 , 64 bit Build 19041 (10.0.19041.1503)
OS uptime: 0 days 3:05 hours

CPU: total 6 (initial active 6) (6 cores per cpu, 1 threads per core) family 6 model 158 stepping 13 microcode 0xca, cx8, cmov, fxsr, mmx, 3dnowpref, sse, sse2, sse3, ssse3, sse4.1, sse4.2, popcnt, lzcnt, tsc, tscinvbit, avx, avx2, aes, erms, clmul, bmi1, bmi2, adx, fma, vzeroupper, clflush, clflushopt

Memory: 4k page, system-wide physical 32703M (11483M free)
TotalPageFile size 32703M (AvailPageFile size 106M)
current process WorkingSet (physical memory assigned to process): 10M, peak: 10M
current process commit charge ("private bytes"): 51M, peak: 563M

vm_info: OpenJDK 64-Bit Server VM (17.0.7+7-b1000.6) for windows-amd64 JRE (17.0.7+7-b1000.6), built on 2023-07-07 by "builduser" with MS VC++ 16.10 / 16.11 (VS2019)

END.
